<?xml version="1.0" encoding="UTF-8"?>
<!-- Generated by org.testng.reporters.JUnitXMLReporter -->
<testsuite ignored="0" hostname="Mahbubs-MacBook-Pro-2.local" failures="2" tests="2" name="Default test" time="15.868" errors="0" timestamp="16 Jul 2022 19:02:29 GMT">
  <testcase classname="io.cucumber.testng.AbstractTestNGCucumberTests" name="runScenario" time="8.411">
    <failure type="java.lang.NullPointerException">
      <![CDATA[java.lang.NullPointerException
at com.careerhack.steps.MajesticMayGoogleSearch.i_click_on_google_search_button(MajesticMayGoogleSearch.java:35)
at ✽.I click on google search button(file:///Users/mahbubsiddique/eclipse-workspace/MajesticMayQAF/Features/MajesticMayGoogleSearch.feature:9)
]]>
    </failure>
  </testcase> <!-- runScenario -->
  <testcase classname="io.cucumber.testng.AbstractTestNGCucumberTests" name="runScenario" time="7.054">
    <failure type="java.lang.NullPointerException">
      <![CDATA[java.lang.NullPointerException
at com.careerhack.steps.MajesticMayGoogleSearch.i_click_on_google_search_button(MajesticMayGoogleSearch.java:35)
at ✽.I click on google search button(file:///Users/mahbubsiddique/eclipse-workspace/MajesticMayQAF/Features/MajesticMayGoogleSearch.feature:9)
]]>
    </failure>
  </testcase> <!-- runScenario -->
</testsuite> <!-- Default test -->
