<?xml version="1.0" encoding="UTF-8"?>
<testng-results ignored="0" total="2" passed="0" failed="2" skipped="0">
  <reporter-output>
  </reporter-output>
  <suite started-at="2022-07-16T19:02:13Z" name="Default suite" finished-at="2022-07-16T19:02:29Z" duration-ms="15868">
    <groups>
      <group name="cucumber">
        <method signature="AbstractTestNGCucumberTests.runScenario(io.cucumber.testng.PickleWrapper, io.cucumber.testng.FeatureWrapper)[pri:0, instance:com.careerhack.runners.SmokeTestRunner@2ce6c6ec]" name="runScenario" class="io.cucumber.testng.AbstractTestNGCucumberTests"/>
      </group> <!-- cucumber -->
    </groups>
    <test started-at="2022-07-16T19:02:13Z" name="Default test" finished-at="2022-07-16T19:02:29Z" duration-ms="15868">
      <class name="com.careerhack.runners.SmokeTestRunner">
        <test-method is-config="true" signature="setUpClass(org.testng.ITestContext)[pri:0, instance:com.careerhack.runners.SmokeTestRunner@2ce6c6ec]" started-at="2022-07-16T19:02:13Z" name="setUpClass" finished-at="2022-07-16T19:02:13Z" duration-ms="364" status="PASS">
          <params>
            <param index="0">
              <value>
                <![CDATA[org.testng.TestRunner@77774571]]>
              </value>
            </param>
          </params>
          <reporter-output>
          </reporter-output>
        </test-method> <!-- setUpClass -->
        <test-method signature="runScenario(io.cucumber.testng.PickleWrapper, io.cucumber.testng.FeatureWrapper)[pri:0, instance:com.careerhack.runners.SmokeTestRunner@2ce6c6ec]" started-at="2022-07-16T19:02:13Z" name="runScenario" description="Runs Cucumber Scenarios" data-provider="scenarios" finished-at="2022-07-16T19:02:22Z" duration-ms="8411" status="FAIL">
          <params>
            <param index="0">
              <value>
                <![CDATA["simple search"]]>
              </value>
            </param>
            <param index="1">
              <value>
                <![CDATA["google search"]]>
              </value>
            </param>
          </params>
          <exception class="java.lang.NullPointerException">
            <full-stacktrace>
              <![CDATA[java.lang.NullPointerException
at com.careerhack.steps.MajesticMayGoogleSearch.i_click_on_google_search_button(MajesticMayGoogleSearch.java:35)
at ✽.I click on google search button(file:///Users/mahbubsiddique/eclipse-workspace/MajesticMayQAF/Features/MajesticMayGoogleSearch.feature:9)
]]>
            </full-stacktrace>
          </exception> <!-- java.lang.NullPointerException -->
          <reporter-output>
          </reporter-output>
        </test-method> <!-- runScenario -->
        <test-method signature="runScenario(io.cucumber.testng.PickleWrapper, io.cucumber.testng.FeatureWrapper)[pri:0, instance:com.careerhack.runners.SmokeTestRunner@2ce6c6ec]" started-at="2022-07-16T19:02:22Z" name="runScenario" description="Runs Cucumber Scenarios" data-provider="scenarios" finished-at="2022-07-16T19:02:29Z" duration-ms="7054" status="FAIL">
          <params>
            <param index="0">
              <value>
                <![CDATA["simple search"]]>
              </value>
            </param>
            <param index="1">
              <value>
                <![CDATA["google search"]]>
              </value>
            </param>
          </params>
          <exception class="java.lang.NullPointerException">
            <full-stacktrace>
              <![CDATA[java.lang.NullPointerException
at com.careerhack.steps.MajesticMayGoogleSearch.i_click_on_google_search_button(MajesticMayGoogleSearch.java:35)
at ✽.I click on google search button(file:///Users/mahbubsiddique/eclipse-workspace/MajesticMayQAF/Features/MajesticMayGoogleSearch.feature:9)
]]>
            </full-stacktrace>
          </exception> <!-- java.lang.NullPointerException -->
          <reporter-output>
          </reporter-output>
        </test-method> <!-- runScenario -->
        <test-method is-config="true" signature="tearDownClass()[pri:0, instance:com.careerhack.runners.SmokeTestRunner@2ce6c6ec]" started-at="2022-07-16T19:02:29Z" name="tearDownClass" finished-at="2022-07-16T19:02:29Z" duration-ms="17" status="PASS">
          <reporter-output>
          </reporter-output>
        </test-method> <!-- tearDownClass -->
      </class> <!-- com.careerhack.runners.SmokeTestRunner -->
    </test> <!-- Default test -->
  </suite> <!-- Default suite -->
</testng-results>
